{
  "RSpec": {
    "coverage": {
      "/Users/Shadae/workspace/pea-patch-planner/app/helpers/application_helper.rb": [
        1,
        null
      ],
      "/Users/Shadae/workspace/pea-patch-planner/app/helpers/blogposts_helper.rb": [
        1,
        null
      ],
      "/Users/Shadae/workspace/pea-patch-planner/app/helpers/sessions_helper.rb": [
        1,
        null
      ],
      "/Users/Shadae/workspace/pea-patch-planner/app/helpers/welcome_helper.rb": [
        1,
        null
      ],
      "/Users/Shadae/workspace/pea-patch-planner/app/controllers/blogposts_controller.rb": [
        1,
        1,
        1,
        null,
        null,
        1,
        6,
        6,
        4,
        4,
        null,
        2,
        null,
        null,
        null,
        1,
        2,
        null,
        null,
        1,
        2,
        null,
        null,
        1,
        3,
        null,
        null,
        null,
        1,
        5,
        null,
        null,
        5,
        2,
        null,
        3,
        null,
        null,
        null,
        1,
        2,
        null,
        2,
        null,
        null,
        1,
        null,
        1,
        6,
        null,
        null
      ],
      "/Users/Shadae/workspace/pea-patch-planner/app/controllers/application_controller.rb": [
        1,
        null,
        null,
        1,
        1,
        null,
        1,
        42,
        null,
        null,
        1,
        37,
        0,
        null,
        null,
        null,
        1,
        null
      ],
      "/Users/Shadae/workspace/pea-patch-planner/app/controllers/sessions_controller.rb": [
        1,
        1,
        null,
        1,
        2,
        2,
        2,
        null,
        null,
        null,
        null,
        null,
        null
      ],
      "/Users/Shadae/workspace/pea-patch-planner/app/controllers/tools_controller.rb": [
        1,
        1,
        1,
        null,
        null,
        1,
        5,
        5,
        2,
        null,
        3,
        3,
        null,
        null,
        null,
        1,
        2,
        null,
        null,
        1,
        2,
        null,
        null,
        1,
        2,
        null,
        null,
        1,
        6,
        6,
        3,
        null,
        3,
        3,
        null,
        null,
        null,
        1,
        2,
        null,
        2,
        null,
        null,
        1,
        null,
        1,
        11,
        null,
        null
      ],
      "/Users/Shadae/workspace/pea-patch-planner/app/controllers/users_controller.rb": [
        1,
        null,
        1,
        2,
        2,
        null,
        1,
        1,
        null,
        1,
        null,
        null,
        null,
        1,
        1,
        null,
        null,
        1,
        null,
        null,
        1,
        0,
        null,
        null,
        1,
        null,
        null,
        1,
        1,
        0,
        null,
        null,
        null
      ],
      "/Users/Shadae/workspace/pea-patch-planner/app/controllers/weather_controller.rb": [
        1,
        null,
        1,
        3,
        3,
        9,
        null,
        3,
        null,
        null,
        null,
        1,
        null,
        1,
        3,
        3,
        3,
        null,
        0,
        null,
        null,
        null,
        1,
        9,
        9,
        9,
        9,
        9,
        9,
        null,
        0,
        null,
        null,
        null
      ],
      "/Users/Shadae/workspace/pea-patch-planner/app/controllers/welcome_controller.rb": [
        1,
        1,
        1,
        null,
        null
      ],
      "/Users/Shadae/workspace/pea-patch-planner/app/mailers/user_mailer.rb": [
        1,
        1,
        null,
        1,
        1,
        1,
        null,
        null
      ],
      "/Users/Shadae/workspace/pea-patch-planner/app/models/blogpost.rb": [
        1,
        1,
        null,
        1,
        1,
        1,
        null,
        null
      ],
      "/Users/Shadae/workspace/pea-patch-planner/app/models/days_weather.rb": [
        1,
        1,
        1,
        null,
        null,
        null,
        1,
        18,
        null,
        null,
        1,
        9,
        null,
        null,
        1,
        9,
        null,
        null
      ],
      "/Users/Shadae/workspace/pea-patch-planner/app/models/event.rb": [
        1,
        null,
        null,
        null,
        null
      ],
      "/Users/Shadae/workspace/pea-patch-planner/app/models/tool.rb": [
        1,
        1,
        1,
        1,
        null
      ],
      "/Users/Shadae/workspace/pea-patch-planner/app/models/user.rb": [
        1,
        null,
        1,
        1,
        1,
        1,
        1,
        null,
        1,
        0,
        null,
        null,
        1,
        0,
        0,
        0,
        0,
        null,
        null,
        null
      ],
      "/Users/Shadae/workspace/pea-patch-planner/app/models/weather.rb": [
        1,
        1,
        1,
        null
      ]
    },
    "timestamp": 1392846759
  }
}
